<?xml version="1.0" encoding="UTF-8"?>
<testng-results skipped="0" failed="1" total="2" passed="1">
  <reporter-output>
  </reporter-output>
  <suite name="Smoke" duration-ms="48635" started-at="2016-10-03T00:21:55Z" finished-at="2016-10-03T00:22:44Z">
    <groups>
    </groups>
    <test name="Nexus" duration-ms="28208" started-at="2016-10-03T00:21:55Z" finished-at="2016-10-03T00:22:24Z">
      <class name="Tests.LoginTest">
        <test-method status="PASS" signature="beforeTest(java.lang.String, java.lang.String, java.lang.String, java.lang.String)[pri:0, instance:Tests.LoginTest@1cd072a9]" name="beforeTest" is-config="true" duration-ms="15864" started-at="2016-10-02T20:21:55Z" finished-at="2016-10-02T20:22:11Z">
          <params>
            <param index="0">
              <value>
                <![CDATA[4729]]>
              </value>
            </param>
            <param index="1">
              <value>
                <![CDATA[192.168.56.101:5555]]>
              </value>
            </param>
            <param index="2">
              <value>
                <![CDATA[Android]]>
              </value>
            </param>
            <param index="3">
              <value>
                <![CDATA[5.1]]>
              </value>
            </param>
          </params>
          <reporter-output>
          </reporter-output>
        </test-method> <!-- beforeTest -->
        <test-method status="FAIL" signature="logintest()[pri:0, instance:Tests.LoginTest@1cd072a9]" name="logintest" duration-ms="10706" started-at="2016-10-02T20:22:11Z" finished-at="2016-10-02T20:22:22Z">
          <exception class="org.openqa.selenium.NoSuchElementException">
            <message>
              <![CDATA[Can't locate an element by this strategy: Locator map: 
- native content: "By.id: com.optimum.rdvr.mobile:id/userId_text" 
- html content: "by id or name "username""
For documentation on this error, please visit: http://seleniumhq.org/exceptions/no_such_element.html
Build info: version: '2.53.0', revision: '35ae25b1534ae328c771e0856c93e187490ca824', time: '2016-03-15 10:43:46'
System info: host: 'Admin', ip: '192.168.204.1', os.name: 'Windows 10', os.arch: 'amd64', os.version: '10.0', java.version: '1.8.0_77'
Driver info: driver.version: unknown]]>
            </message>
            <full-stacktrace>
              <![CDATA[org.openqa.selenium.NoSuchElementException: Can't locate an element by this strategy: Locator map: 
- native content: "By.id: com.optimum.rdvr.mobile:id/userId_text" 
- html content: "by id or name "username""
For documentation on this error, please visit: http://seleniumhq.org/exceptions/no_such_element.html
Build info: version: '2.53.0', revision: '35ae25b1534ae328c771e0856c93e187490ca824', time: '2016-03-15 10:43:46'
System info: host: 'Admin', ip: '192.168.204.1', os.name: 'Windows 10', os.arch: 'amd64', os.version: '10.0', java.version: '1.8.0_77'
Driver info: driver.version: unknown
	at io.appium.java_client.pagefactory.AppiumElementLocator.findElement(AppiumElementLocator.java:97)
	at io.appium.java_client.pagefactory.interceptors.InterceptorOfASingleElement.intercept(InterceptorOfASingleElement.java:52)
	at io.appium.java_client.android.AndroidElement$$EnhancerByCGLIB$$f0373aeb.click(<generated>)
	at com.labox.appium.pages.LoginPage.login(LoginPage.java:25)
	at Tests.LoginTest.logintest(LoginTest.java:10)
	at sun.reflect.NativeMethodAccessorImpl.invoke0(Native Method)
	at sun.reflect.NativeMethodAccessorImpl.invoke(NativeMethodAccessorImpl.java:62)
	at sun.reflect.DelegatingMethodAccessorImpl.invoke(DelegatingMethodAccessorImpl.java:43)
	at java.lang.reflect.Method.invoke(Method.java:498)
	at org.testng.internal.MethodInvocationHelper.invokeMethod(MethodInvocationHelper.java:86)
	at org.testng.internal.Invoker.invokeMethod(Invoker.java:643)
	at org.testng.internal.Invoker.invokeTestMethod(Invoker.java:820)
	at org.testng.internal.Invoker.invokeTestMethods(Invoker.java:1128)
	at org.testng.internal.TestMethodWorker.invokeTestMethods(TestMethodWorker.java:129)
	at org.testng.internal.TestMethodWorker.run(TestMethodWorker.java:112)
	at org.testng.TestRunner.privateRun(TestRunner.java:782)
	at org.testng.TestRunner.run(TestRunner.java:632)
	at org.testng.SuiteRunner.runTest(SuiteRunner.java:366)
	at org.testng.SuiteRunner.access$000(SuiteRunner.java:39)
	at org.testng.SuiteRunner$SuiteWorker.run(SuiteRunner.java:400)
	at org.testng.internal.thread.ThreadUtil$2.call(ThreadUtil.java:64)
	at java.util.concurrent.FutureTask.run(FutureTask.java:266)
	at java.util.concurrent.ThreadPoolExecutor.runWorker(ThreadPoolExecutor.java:1142)
	at java.util.concurrent.ThreadPoolExecutor$Worker.run(ThreadPoolExecutor.java:617)
	at java.lang.Thread.run(Thread.java:745)
]]>
            </full-stacktrace>
          </exception> <!-- org.openqa.selenium.NoSuchElementException -->
          <reporter-output>
          </reporter-output>
        </test-method> <!-- logintest -->
        <test-method status="PASS" signature="afterClass()[pri:0, instance:Tests.LoginTest@1cd072a9]" name="afterClass" is-config="true" duration-ms="1597" started-at="2016-10-02T20:22:22Z" finished-at="2016-10-02T20:22:24Z">
          <reporter-output>
          </reporter-output>
        </test-method> <!-- afterClass -->
      </class> <!-- Tests.LoginTest -->
    </test> <!-- Nexus -->
    <test name="moto-g" duration-ms="48635" started-at="2016-10-03T00:21:55Z" finished-at="2016-10-03T00:22:44Z">
      <class name="Tests.LoginTest">
        <test-method status="PASS" signature="beforeTest(java.lang.String, java.lang.String, java.lang.String, java.lang.String)[pri:0, instance:Tests.LoginTest@7cf10a6f]" name="beforeTest" is-config="true" duration-ms="15862" started-at="2016-10-02T20:21:55Z" finished-at="2016-10-02T20:22:11Z">
          <params>
            <param index="0">
              <value>
                <![CDATA[4725]]>
              </value>
            </param>
            <param index="1">
              <value>
                <![CDATA[TA9190143I]]>
              </value>
            </param>
            <param index="2">
              <value>
                <![CDATA[Android]]>
              </value>
            </param>
            <param index="3">
              <value>
                <![CDATA[5.1]]>
              </value>
            </param>
          </params>
          <reporter-output>
          </reporter-output>
        </test-method> <!-- beforeTest -->
        <test-method status="PASS" signature="logintest()[pri:0, instance:Tests.LoginTest@7cf10a6f]" name="logintest" duration-ms="30067" started-at="2016-10-02T20:22:11Z" finished-at="2016-10-02T20:22:41Z">
          <reporter-output>
          </reporter-output>
        </test-method> <!-- logintest -->
        <test-method status="PASS" signature="afterClass()[pri:0, instance:Tests.LoginTest@7cf10a6f]" name="afterClass" is-config="true" duration-ms="2687" started-at="2016-10-02T20:22:41Z" finished-at="2016-10-02T20:22:44Z">
          <reporter-output>
          </reporter-output>
        </test-method> <!-- afterClass -->
      </class> <!-- Tests.LoginTest -->
    </test> <!-- moto-g -->
  </suite> <!-- Smoke -->
</testng-results>
