<?xml version="1.0" encoding="UTF-8"?>
<testng-results skipped="0" failed="0" total="2" passed="2">
  <reporter-output>
  </reporter-output>
  <suite name="Smoke" duration-ms="56974" started-at="2016-10-04T21:03:31Z" finished-at="2016-10-04T21:04:28Z">
    <groups>
    </groups>
    <test name="ipod" duration-ms="51981" started-at="2016-10-04T21:03:31Z" finished-at="2016-10-04T21:04:23Z">
      <class name="Tests.LoginTest">
        <test-method status="PASS" signature="beforeTest(java.lang.String, java.lang.String, java.lang.String, java.lang.String)[pri:0, instance:Tests.LoginTest@b684286]" name="beforeTest" is-config="true" duration-ms="26594" started-at="2016-10-04T17:03:31Z" finished-at="2016-10-04T17:03:57Z">
          <params>
            <param index="0">
              <value>
                <![CDATA[4735]]>
              </value>
            </param>
            <param index="1">
              <value>
                <![CDATA[ipod]]>
              </value>
            </param>
            <param index="2">
              <value>
                <![CDATA[iOS]]>
              </value>
            </param>
            <param index="3">
              <value>
                <![CDATA[8.1.2]]>
              </value>
            </param>
          </params>
          <reporter-output>
          </reporter-output>
        </test-method> <!-- beforeTest -->
        <test-method status="PASS" signature="logintest()[pri:0, instance:Tests.LoginTest@b684286]" name="logintest" duration-ms="22766" started-at="2016-10-04T17:03:57Z" finished-at="2016-10-04T17:04:20Z">
          <reporter-output>
          </reporter-output>
        </test-method> <!-- logintest -->
        <test-method status="PASS" signature="afterClass()[pri:0, instance:Tests.LoginTest@b684286]" name="afterClass" is-config="true" duration-ms="2605" started-at="2016-10-04T17:04:20Z" finished-at="2016-10-04T17:04:23Z">
          <reporter-output>
          </reporter-output>
        </test-method> <!-- afterClass -->
      </class> <!-- Tests.LoginTest -->
    </test> <!-- ipod -->
    <test name="iphone" duration-ms="56974" started-at="2016-10-04T21:03:31Z" finished-at="2016-10-04T21:04:28Z">
      <class name="Tests.LoginTest">
        <test-method status="PASS" signature="beforeTest(java.lang.String, java.lang.String, java.lang.String, java.lang.String)[pri:0, instance:Tests.LoginTest@2f7c7260]" name="beforeTest" is-config="true" duration-ms="27943" started-at="2016-10-04T17:03:31Z" finished-at="2016-10-04T17:03:59Z">
          <params>
            <param index="0">
              <value>
                <![CDATA[4730]]>
              </value>
            </param>
            <param index="1">
              <value>
                <![CDATA[iPhone6]]>
              </value>
            </param>
            <param index="2">
              <value>
                <![CDATA[iOS]]>
              </value>
            </param>
            <param index="3">
              <value>
                <![CDATA[8.1.2]]>
              </value>
            </param>
          </params>
          <reporter-output>
          </reporter-output>
        </test-method> <!-- beforeTest -->
        <test-method status="PASS" signature="logintest()[pri:0, instance:Tests.LoginTest@2f7c7260]" name="logintest" duration-ms="27300" started-at="2016-10-04T17:03:59Z" finished-at="2016-10-04T17:04:26Z">
          <reporter-output>
          </reporter-output>
        </test-method> <!-- logintest -->
        <test-method status="PASS" signature="afterClass()[pri:0, instance:Tests.LoginTest@2f7c7260]" name="afterClass" is-config="true" duration-ms="1721" started-at="2016-10-04T17:04:26Z" finished-at="2016-10-04T17:04:28Z">
          <reporter-output>
          </reporter-output>
        </test-method> <!-- afterClass -->
      </class> <!-- Tests.LoginTest -->
    </test> <!-- iphone -->
  </suite> <!-- Smoke -->
</testng-results>
